生成启动时间为 2017/5/4 23:14:46。
     1>项目“E:\VSProject\MyProjects\剑指offer1\剑指offer1\剑指offer1.vcxproj”在节点 2 上(build 个目标)。
     1>InitializeBuildStatus:
         正在创建“Debug\剑指offer1.unsuccessfulbuild”，因为已指定“AlwaysCreate”。
       ClCompile:
         E:\工作\vs2010安装\VC\bin\CL.exe /c /ZI /nologo /W3 /WX- /Od /Oy- /D _UNICODE /D UNICODE /Gm /EHsc /RTC1 /MDd /GS /fp:precise /Zc:wchar_t /Zc:forScope /Fo"Debug\\" /Fd"Debug\vc100.pdb" /Gd /TP /analyze- /errorReport:prompt Test.cpp
         Test.cpp
     1>e:\vsproject\myprojects\剑指offer1\剑指offer1\test.cpp(33): warning C4146: 一元负运算符应用于无符号类型，结果仍为无符号类型
       Link:
         E:\工作\vs2010安装\VC\bin\link.exe /ERRORREPORT:PROMPT /OUT:"E:\VSProject\MyProjects\剑指offer1\Debug\剑指offer1.exe" /NOLOGO kernel32.lib user32.lib gdi32.lib winspool.lib comdlg32.lib advapi32.lib shell32.lib ole32.lib oleaut32.lib uuid.lib odbc32.lib odbccp32.lib /MANIFEST /ManifestFile:"Debug\剑指offer1.exe.intermediate.manifest" /MANIFESTUAC:"level='asInvoker' uiAccess='false'" /DEBUG /PDB:"E:\VSProject\MyProjects\剑指offer1\Debug\剑指offer1.pdb" /TLBID:1 /DYNAMICBASE /NXCOMPAT /IMPLIB:"E:\VSProject\MyProjects\剑指offer1\Debug\剑指offer1.lib" /MACHINE:X86 Debug\Test.obj
         LINK : 没有找到 E:\VSProject\MyProjects\剑指offer1\Debug\剑指offer1.exe 或上一个增量链接没有生成它；正在执行完全链接
         剑指offer1.vcxproj -> E:\VSProject\MyProjects\剑指offer1\Debug\剑指offer1.exe
       Manifest:
         C:\Program Files (x86)\Microsoft SDKs\Windows\v7.0A\bin\mt.exe /nologo /verbose /outputresource:"E:\VSProject\MyProjects\剑指offer1\Debug\剑指offer1.exe;#1" /manifest "Debug\剑指offer1.exe.intermediate.manifest"
       FinalizeBuildStatus:
         正在删除文件“Debug\剑指offer1.unsuccessfulbuild”。
         正在对“Debug\剑指offer1.lastbuildstate”执行 Touch 任务。
     1>已完成生成项目“E:\VSProject\MyProjects\剑指offer1\剑指offer1\剑指offer1.vcxproj”(build 个目标)的操作。

生成成功。

已用时间 00:00:00.70
